<?xml version="1.0" encoding="UTF-8"?>
<testng-results ignored="0" total="2" passed="1" failed="1" skipped="0">
  <reporter-output>
  </reporter-output>
  <suite started-at="2022-12-28T13:50:15 IST" name="Web" finished-at="2022-12-28T13:52:26 IST" duration-ms="131184">
    <groups>
    </groups>
    <test started-at="2022-12-28T13:50:15 IST" name="MarquisSanityScript" finished-at="2022-12-28T13:52:26 IST" duration-ms="131184">
      <class name="com.marquis.SanityScripts.marquisFinancierSanityScript">
        <test-method is-config="true" signature="beforemethodcode()[pri:0, instance:com.marquis.SanityScripts.marquisFinancierSanityScript@4e517165]" started-at="2022-12-28T13:50:15 IST" name="beforemethodcode" finished-at="2022-12-28T13:50:20 IST" duration-ms="5206" status="PASS">
          <reporter-output>
          </reporter-output>
        </test-method> <!-- beforemethodcode -->
        <test-method signature="Ops_Login()[pri:1, instance:com.marquis.SanityScripts.marquisFinancierSanityScript@4e517165]" started-at="2022-12-28T13:50:20 IST" name="Ops_Login" finished-at="2022-12-28T13:52:26 IST" duration-ms="125291" status="PASS">
          <reporter-output>
          </reporter-output>
        </test-method> <!-- Ops_Login -->
        <test-method is-config="true" signature="tearDown()[pri:0, instance:com.marquis.SanityScripts.marquisFinancierSanityScript@4e517165]" started-at="2022-12-28T13:52:26 IST" name="tearDown" finished-at="2022-12-28T13:52:26 IST" duration-ms="292" status="PASS">
          <reporter-output>
          </reporter-output>
        </test-method> <!-- tearDown -->
        <test-method signature="clientDetails(java.lang.String, java.lang.String)[pri:1, instance:com.marquis.SanityScripts.marquisFinancierSanityScript@4e517165]" started-at="2022-12-28T13:52:26 IST" name="clientDetails" finished-at="2022-12-28T13:52:26 IST" duration-ms="0" status="FAIL">
          <exception class="org.testng.TestNGException">
            <message>
              <![CDATA[
Parameter 'UserName' is required by @Test on method clientDetails but has not been marked @Optional or defined
in C:\Users\User\Marquis\Daily Automation\28-12-22-Morning\marquis.xml]]>
            </message>
            <full-stacktrace>
              <![CDATA[org.testng.TestNGException: 
Parameter 'UserName' is required by @Test on method clientDetails but has not been marked @Optional or defined
in C:\Users\User\Marquis\Daily Automation\28-12-22-Morning\marquis.xml
at org.testng.internal.Parameters.createParams(Parameters.java:272)
at org.testng.internal.Parameters.createParametersForMethod(Parameters.java:360)
at org.testng.internal.Parameters.createParameters(Parameters.java:704)
at org.testng.internal.Parameters.handleParameters(Parameters.java:879)
at org.testng.internal.Parameters.handleParameters(Parameters.java:744)
at org.testng.internal.ParameterHandler.handleParameters(ParameterHandler.java:59)
at org.testng.internal.ParameterHandler.createParameters(ParameterHandler.java:38)
at org.testng.internal.TestInvoker$MethodInvocationAgent.invoke(TestInvoker.java:783)
at org.testng.internal.TestInvoker.invokeTestMethods(TestInvoker.java:146)
at org.testng.internal.TestMethodWorker.invokeTestMethods(TestMethodWorker.java:146)
at org.testng.internal.TestMethodWorker.run(TestMethodWorker.java:128)
at java.base/java.util.concurrent.ThreadPoolExecutor.runWorker(ThreadPoolExecutor.java:1136)
at java.base/java.util.concurrent.ThreadPoolExecutor$Worker.run(ThreadPoolExecutor.java:635)
at java.base/java.lang.Thread.run(Thread.java:833)
]]>
            </full-stacktrace>
          </exception> <!-- org.testng.TestNGException -->
          <reporter-output>
          </reporter-output>
        </test-method> <!-- clientDetails -->
      </class> <!-- com.marquis.SanityScripts.marquisFinancierSanityScript -->
    </test> <!-- MarquisSanityScript -->
  </suite> <!-- Web -->
</testng-results>
